[0.623s] Invoking command in '/home/fbot/Área de Trabalho/IMU_WS/build/imu_package': PYTHONPATH=/home/fbot/Área de Trabalho/IMU_WS/build/imu_package/prefix_override:/usr/lib/python3/dist-packages/colcon_core/task/python/colcon_distutils_commands:/home/fbot/Área de Trabalho/IMU_WS/install/imu_package/lib/python3.10/site-packages:${PYTHONPATH} /usr/bin/python3 -W ignore:setup.py install is deprecated -W ignore:easy_install command is deprecated setup.py develop --uninstall --editable --build-directory /home/fbot/Área de Trabalho/IMU_WS/build/imu_package/build
[0.829s] running develop
[0.961s] Removing /home/fbot/Área de Trabalho/IMU_WS/install/imu_package/lib/python3.10/site-packages/imu-package.egg-link (link to .)
[0.979s] Invoked command in '/home/fbot/Área de Trabalho/IMU_WS/build/imu_package' returned '0': PYTHONPATH=/home/fbot/Área de Trabalho/IMU_WS/build/imu_package/prefix_override:/usr/lib/python3/dist-packages/colcon_core/task/python/colcon_distutils_commands:/home/fbot/Área de Trabalho/IMU_WS/install/imu_package/lib/python3.10/site-packages:${PYTHONPATH} /usr/bin/python3 -W ignore:setup.py install is deprecated -W ignore:easy_install command is deprecated setup.py develop --uninstall --editable --build-directory /home/fbot/Área de Trabalho/IMU_WS/build/imu_package/build
[0.980s] Invoking command in '/home/fbot/Área de Trabalho/IMU_WS/src/imu_package': PYTHONPATH=/home/fbot/Área de Trabalho/IMU_WS/build/imu_package/prefix_override:/usr/lib/python3/dist-packages/colcon_core/task/python/colcon_distutils_commands:/home/fbot/Área de Trabalho/IMU_WS/install/imu_package/lib/python3.10/site-packages:${PYTHONPATH} /usr/bin/python3 -W ignore:setup.py install is deprecated -W ignore:easy_install command is deprecated setup.py egg_info --egg-base ../../build/imu_package build --build-base /home/fbot/Área de Trabalho/IMU_WS/build/imu_package/build install --record /home/fbot/Área de Trabalho/IMU_WS/build/imu_package/install.log --single-version-externally-managed install_data --force
[1.170s] running egg_info
[1.170s] writing ../../build/imu_package/imu_package.egg-info/PKG-INFO
[1.171s] writing dependency_links to ../../build/imu_package/imu_package.egg-info/dependency_links.txt
[1.171s] writing entry points to ../../build/imu_package/imu_package.egg-info/entry_points.txt
[1.171s] writing requirements to ../../build/imu_package/imu_package.egg-info/requires.txt
[1.171s] writing top-level names to ../../build/imu_package/imu_package.egg-info/top_level.txt
[1.172s] reading manifest file '../../build/imu_package/imu_package.egg-info/SOURCES.txt'
[1.174s] writing manifest file '../../build/imu_package/imu_package.egg-info/SOURCES.txt'
[1.174s] running build
[1.174s] running build_py
[1.174s] copying imu_package/imu_serial_publisher.py -> /home/fbot/Área de Trabalho/IMU_WS/build/imu_package/build/lib/imu_package
[1.174s] running install
[1.174s] running install_lib
[1.175s] creating /home/fbot/Área de Trabalho/IMU_WS/install/imu_package/lib/python3.10/site-packages/imu_package
[1.175s] copying /home/fbot/Área de Trabalho/IMU_WS/build/imu_package/build/lib/imu_package/__init__.py -> /home/fbot/Área de Trabalho/IMU_WS/install/imu_package/lib/python3.10/site-packages/imu_package
[1.175s] copying /home/fbot/Área de Trabalho/IMU_WS/build/imu_package/build/lib/imu_package/imu_serial_publisher.py -> /home/fbot/Área de Trabalho/IMU_WS/install/imu_package/lib/python3.10/site-packages/imu_package
[1.175s] byte-compiling /home/fbot/Área de Trabalho/IMU_WS/install/imu_package/lib/python3.10/site-packages/imu_package/__init__.py to __init__.cpython-310.pyc
[1.175s] byte-compiling /home/fbot/Área de Trabalho/IMU_WS/install/imu_package/lib/python3.10/site-packages/imu_package/imu_serial_publisher.py to imu_serial_publisher.cpython-310.pyc
[1.176s] running install_data
[1.176s] copying resource/imu_package -> /home/fbot/Área de Trabalho/IMU_WS/install/imu_package/share/ament_index/resource_index/packages
[1.176s] copying package.xml -> /home/fbot/Área de Trabalho/IMU_WS/install/imu_package/share/imu_package
[1.176s] copying launch/imu.launch.py -> /home/fbot/Área de Trabalho/IMU_WS/install/imu_package/share/imu_package/launch
[1.177s] running install_egg_info
[1.178s] Copying ../../build/imu_package/imu_package.egg-info to /home/fbot/Área de Trabalho/IMU_WS/install/imu_package/lib/python3.10/site-packages/imu_package-0.0.0-py3.10.egg-info
[1.179s] running install_scripts
[1.195s] Installing imu_serial_publisher script to /home/fbot/Área de Trabalho/IMU_WS/install/imu_package/lib/imu_package
[1.195s] writing list of installed files to '/home/fbot/Área de Trabalho/IMU_WS/build/imu_package/install.log'
[1.211s] Invoked command in '/home/fbot/Área de Trabalho/IMU_WS/src/imu_package' returned '0': PYTHONPATH=/home/fbot/Área de Trabalho/IMU_WS/build/imu_package/prefix_override:/usr/lib/python3/dist-packages/colcon_core/task/python/colcon_distutils_commands:/home/fbot/Área de Trabalho/IMU_WS/install/imu_package/lib/python3.10/site-packages:${PYTHONPATH} /usr/bin/python3 -W ignore:setup.py install is deprecated -W ignore:easy_install command is deprecated setup.py egg_info --egg-base ../../build/imu_package build --build-base /home/fbot/Área de Trabalho/IMU_WS/build/imu_package/build install --record /home/fbot/Área de Trabalho/IMU_WS/build/imu_package/install.log --single-version-externally-managed install_data --force
