[0.498s] Invoking command in '/home/fbot/Área de Trabalho/IMU_WS/build/imu_package': PYTHONPATH=/home/fbot/Área de Trabalho/IMU_WS/build/imu_package/prefix_override:/usr/lib/python3/dist-packages/colcon_core/task/python/colcon_distutils_commands:/home/fbot/Área de Trabalho/IMU_WS/install/imu_package/lib/python3.10/site-packages:${PYTHONPATH} /usr/bin/python3 -W ignore:setup.py install is deprecated -W ignore:easy_install command is deprecated setup.py develop --editable --build-directory /home/fbot/Área de Trabalho/IMU_WS/build/imu_package/build --no-deps symlink_data --force
[0.705s] running develop
[0.838s] running egg_info
[0.838s] writing imu_package.egg-info/PKG-INFO
[0.838s] writing dependency_links to imu_package.egg-info/dependency_links.txt
[0.838s] writing entry points to imu_package.egg-info/entry_points.txt
[0.838s] writing requirements to imu_package.egg-info/requires.txt
[0.839s] writing top-level names to imu_package.egg-info/top_level.txt
[0.840s] reading manifest file 'imu_package.egg-info/SOURCES.txt'
[0.841s] writing manifest file 'imu_package.egg-info/SOURCES.txt'
[0.842s] running build_ext
[0.842s] Creating /home/fbot/Área de Trabalho/IMU_WS/install/imu_package/lib/python3.10/site-packages/imu-package.egg-link (link to .)
[0.842s] Installing imu_serial_publisher script to /home/fbot/Área de Trabalho/IMU_WS/install/imu_package/lib/imu_package
[0.842s] 
[0.843s] Installed /home/fbot/Área de Trabalho/IMU_WS/build/imu_package
[0.843s] running symlink_data
[0.843s] symbolically linking /home/fbot/Área de Trabalho/IMU_WS/build/imu_package/resource/imu_package -> /home/fbot/Área de Trabalho/IMU_WS/install/imu_package/share/ament_index/resource_index/packages
[0.843s] symbolically linking /home/fbot/Área de Trabalho/IMU_WS/build/imu_package/package.xml -> /home/fbot/Área de Trabalho/IMU_WS/install/imu_package/share/imu_package
[0.843s] symbolically linking /home/fbot/Área de Trabalho/IMU_WS/build/imu_package/launch/imu.launch.py -> /home/fbot/Área de Trabalho/IMU_WS/install/imu_package/share/imu_package/launch
[0.862s] Invoked command in '/home/fbot/Área de Trabalho/IMU_WS/build/imu_package' returned '0': PYTHONPATH=/home/fbot/Área de Trabalho/IMU_WS/build/imu_package/prefix_override:/usr/lib/python3/dist-packages/colcon_core/task/python/colcon_distutils_commands:/home/fbot/Área de Trabalho/IMU_WS/install/imu_package/lib/python3.10/site-packages:${PYTHONPATH} /usr/bin/python3 -W ignore:setup.py install is deprecated -W ignore:easy_install command is deprecated setup.py develop --editable --build-directory /home/fbot/Área de Trabalho/IMU_WS/build/imu_package/build --no-deps symlink_data --force
