running egg_info
writing ../../build/robot_sensors_publisher/robot_sensors_publisher.egg-info/PKG-INFO
writing dependency_links to ../../build/robot_sensors_publisher/robot_sensors_publisher.egg-info/dependency_links.txt
writing entry points to ../../build/robot_sensors_publisher/robot_sensors_publisher.egg-info/entry_points.txt
writing requirements to ../../build/robot_sensors_publisher/robot_sensors_publisher.egg-info/requires.txt
writing top-level names to ../../build/robot_sensors_publisher/robot_sensors_publisher.egg-info/top_level.txt
reading manifest file '../../build/robot_sensors_publisher/robot_sensors_publisher.egg-info/SOURCES.txt'
writing manifest file '../../build/robot_sensors_publisher/robot_sensors_publisher.egg-info/SOURCES.txt'
running build
running build_py
copying robot_sensors_publisher/imu_serial_publisher.py -> /home/fbot/Área de Trabalho/IMU_WS/build/robot_sensors_publisher/build/lib/robot_sensors_publisher
running install
running install_lib
copying /home/fbot/Área de Trabalho/IMU_WS/build/robot_sensors_publisher/build/lib/robot_sensors_publisher/imu_serial_publisher.py -> /home/fbot/Área de Trabalho/IMU_WS/install/robot_sensors_publisher/lib/python3.10/site-packages/robot_sensors_publisher
byte-compiling /home/fbot/Área de Trabalho/IMU_WS/install/robot_sensors_publisher/lib/python3.10/site-packages/robot_sensors_publisher/imu_serial_publisher.py to imu_serial_publisher.cpython-310.pyc
running install_data
copying launch/imu_sensor_publisher.launch.py -> /home/fbot/Área de Trabalho/IMU_WS/install/robot_sensors_publisher/share/robot_sensors_publisher/launch
running install_egg_info
removing '/home/fbot/Área de Trabalho/IMU_WS/install/robot_sensors_publisher/lib/python3.10/site-packages/robot_sensors_publisher-0.0.0-py3.10.egg-info' (and everything under it)
Copying ../../build/robot_sensors_publisher/robot_sensors_publisher.egg-info to /home/fbot/Área de Trabalho/IMU_WS/install/robot_sensors_publisher/lib/python3.10/site-packages/robot_sensors_publisher-0.0.0-py3.10.egg-info
running install_scripts
Installing imu_serial_publisher script to /home/fbot/Área de Trabalho/IMU_WS/install/robot_sensors_publisher/lib/robot_sensors_publisher
writing list of installed files to '/home/fbot/Área de Trabalho/IMU_WS/build/robot_sensors_publisher/install.log'
