[0.714s] Invoking command in '/home/fbot/Área de Trabalho/IMU_WS/src/robot_sensors_publisher': PYTHONPATH=/home/fbot/Área de Trabalho/IMU_WS/build/robot_sensors_publisher/prefix_override:/usr/lib/python3/dist-packages/colcon_core/task/python/colcon_distutils_commands:/home/fbot/Área de Trabalho/IMU_WS/install/robot_sensors_publisher/lib/python3.10/site-packages:${PYTHONPATH} /usr/bin/python3 -W ignore:setup.py install is deprecated -W ignore:easy_install command is deprecated setup.py egg_info --egg-base ../../build/robot_sensors_publisher build --build-base /home/fbot/Área de Trabalho/IMU_WS/build/robot_sensors_publisher/build install --record /home/fbot/Área de Trabalho/IMU_WS/build/robot_sensors_publisher/install.log --single-version-externally-managed install_data
[0.905s] running egg_info
[0.905s] writing ../../build/robot_sensors_publisher/robot_sensors_publisher.egg-info/PKG-INFO
[0.905s] writing dependency_links to ../../build/robot_sensors_publisher/robot_sensors_publisher.egg-info/dependency_links.txt
[0.905s] writing entry points to ../../build/robot_sensors_publisher/robot_sensors_publisher.egg-info/entry_points.txt
[0.906s] writing requirements to ../../build/robot_sensors_publisher/robot_sensors_publisher.egg-info/requires.txt
[0.906s] writing top-level names to ../../build/robot_sensors_publisher/robot_sensors_publisher.egg-info/top_level.txt
[0.907s] reading manifest file '../../build/robot_sensors_publisher/robot_sensors_publisher.egg-info/SOURCES.txt'
[0.908s] writing manifest file '../../build/robot_sensors_publisher/robot_sensors_publisher.egg-info/SOURCES.txt'
[0.908s] running build
[0.908s] running build_py
[0.908s] copying robot_sensors_publisher/imu_serial_publisher.py -> /home/fbot/Área de Trabalho/IMU_WS/build/robot_sensors_publisher/build/lib/robot_sensors_publisher
[0.908s] running install
[0.909s] running install_lib
[0.909s] copying /home/fbot/Área de Trabalho/IMU_WS/build/robot_sensors_publisher/build/lib/robot_sensors_publisher/imu_serial_publisher.py -> /home/fbot/Área de Trabalho/IMU_WS/install/robot_sensors_publisher/lib/python3.10/site-packages/robot_sensors_publisher
[0.910s] byte-compiling /home/fbot/Área de Trabalho/IMU_WS/install/robot_sensors_publisher/lib/python3.10/site-packages/robot_sensors_publisher/imu_serial_publisher.py to imu_serial_publisher.cpython-310.pyc
[0.911s] running install_data
[0.911s] copying launch/imu_sensor_publisher.launch.py -> /home/fbot/Área de Trabalho/IMU_WS/install/robot_sensors_publisher/share/robot_sensors_publisher/launch
[0.911s] running install_egg_info
[0.913s] removing '/home/fbot/Área de Trabalho/IMU_WS/install/robot_sensors_publisher/lib/python3.10/site-packages/robot_sensors_publisher-0.0.0-py3.10.egg-info' (and everything under it)
[0.913s] Copying ../../build/robot_sensors_publisher/robot_sensors_publisher.egg-info to /home/fbot/Área de Trabalho/IMU_WS/install/robot_sensors_publisher/lib/python3.10/site-packages/robot_sensors_publisher-0.0.0-py3.10.egg-info
[0.914s] running install_scripts
[0.930s] Installing imu_serial_publisher script to /home/fbot/Área de Trabalho/IMU_WS/install/robot_sensors_publisher/lib/robot_sensors_publisher
[0.930s] writing list of installed files to '/home/fbot/Área de Trabalho/IMU_WS/build/robot_sensors_publisher/install.log'
[0.949s] Invoked command in '/home/fbot/Área de Trabalho/IMU_WS/src/robot_sensors_publisher' returned '0': PYTHONPATH=/home/fbot/Área de Trabalho/IMU_WS/build/robot_sensors_publisher/prefix_override:/usr/lib/python3/dist-packages/colcon_core/task/python/colcon_distutils_commands:/home/fbot/Área de Trabalho/IMU_WS/install/robot_sensors_publisher/lib/python3.10/site-packages:${PYTHONPATH} /usr/bin/python3 -W ignore:setup.py install is deprecated -W ignore:easy_install command is deprecated setup.py egg_info --egg-base ../../build/robot_sensors_publisher build --build-base /home/fbot/Área de Trabalho/IMU_WS/build/robot_sensors_publisher/build install --record /home/fbot/Área de Trabalho/IMU_WS/build/robot_sensors_publisher/install.log --single-version-externally-managed install_data
