[0.498s] Invoking command in '/home/fbot/Área de Trabalho/IMU_WS/src/imu_package': PYTHONPATH=/home/fbot/Área de Trabalho/IMU_WS/build/imu_package/prefix_override:/usr/lib/python3/dist-packages/colcon_core/task/python/colcon_distutils_commands:/home/fbot/Área de Trabalho/IMU_WS/install/imu_package/lib/python3.10/site-packages:${PYTHONPATH} /usr/bin/python3 -W ignore:setup.py install is deprecated -W ignore:easy_install command is deprecated setup.py egg_info --egg-base ../../build/imu_package build --build-base /home/fbot/Área de Trabalho/IMU_WS/build/imu_package/build install --record /home/fbot/Área de Trabalho/IMU_WS/build/imu_package/install.log --single-version-externally-managed install_data
[0.689s] running egg_info
[0.689s] writing ../../build/imu_package/imu_package.egg-info/PKG-INFO
[0.689s] writing dependency_links to ../../build/imu_package/imu_package.egg-info/dependency_links.txt
[0.689s] writing entry points to ../../build/imu_package/imu_package.egg-info/entry_points.txt
[0.690s] writing requirements to ../../build/imu_package/imu_package.egg-info/requires.txt
[0.690s] writing top-level names to ../../build/imu_package/imu_package.egg-info/top_level.txt
[0.691s] reading manifest file '../../build/imu_package/imu_package.egg-info/SOURCES.txt'
[0.692s] writing manifest file '../../build/imu_package/imu_package.egg-info/SOURCES.txt'
[0.692s] running build
[0.692s] running build_py
[0.692s] copying imu_package/imu_serial_publisher.py -> /home/fbot/Área de Trabalho/IMU_WS/build/imu_package/build/lib/imu_package
[0.692s] running install
[0.692s] running install_lib
[0.693s] copying /home/fbot/Área de Trabalho/IMU_WS/build/imu_package/build/lib/imu_package/imu_serial_publisher.py -> /home/fbot/Área de Trabalho/IMU_WS/install/imu_package/lib/python3.10/site-packages/imu_package
[0.693s] byte-compiling /home/fbot/Área de Trabalho/IMU_WS/install/imu_package/lib/python3.10/site-packages/imu_package/imu_serial_publisher.py to imu_serial_publisher.cpython-310.pyc
[0.694s] running install_data
[0.694s] running install_egg_info
[0.696s] removing '/home/fbot/Área de Trabalho/IMU_WS/install/imu_package/lib/python3.10/site-packages/imu_package-0.0.0-py3.10.egg-info' (and everything under it)
[0.696s] Copying ../../build/imu_package/imu_package.egg-info to /home/fbot/Área de Trabalho/IMU_WS/install/imu_package/lib/python3.10/site-packages/imu_package-0.0.0-py3.10.egg-info
[0.697s] running install_scripts
[0.712s] Installing imu_serial_publisher script to /home/fbot/Área de Trabalho/IMU_WS/install/imu_package/lib/imu_package
[0.712s] writing list of installed files to '/home/fbot/Área de Trabalho/IMU_WS/build/imu_package/install.log'
[0.729s] Invoked command in '/home/fbot/Área de Trabalho/IMU_WS/src/imu_package' returned '0': PYTHONPATH=/home/fbot/Área de Trabalho/IMU_WS/build/imu_package/prefix_override:/usr/lib/python3/dist-packages/colcon_core/task/python/colcon_distutils_commands:/home/fbot/Área de Trabalho/IMU_WS/install/imu_package/lib/python3.10/site-packages:${PYTHONPATH} /usr/bin/python3 -W ignore:setup.py install is deprecated -W ignore:easy_install command is deprecated setup.py egg_info --egg-base ../../build/imu_package build --build-base /home/fbot/Área de Trabalho/IMU_WS/build/imu_package/build install --record /home/fbot/Área de Trabalho/IMU_WS/build/imu_package/install.log --single-version-externally-managed install_data
