running egg_info
writing ../../build/motors_controller/motors_controller.egg-info/PKG-INFO
writing dependency_links to ../../build/motors_controller/motors_controller.egg-info/dependency_links.txt
writing entry points to ../../build/motors_controller/motors_controller.egg-info/entry_points.txt
writing requirements to ../../build/motors_controller/motors_controller.egg-info/requires.txt
writing top-level names to ../../build/motors_controller/motors_controller.egg-info/top_level.txt
reading manifest file '../../build/motors_controller/motors_controller.egg-info/SOURCES.txt'
writing manifest file '../../build/motors_controller/motors_controller.egg-info/SOURCES.txt'
running build
running build_py
copying motors_controller/cmd_vel_to_serial_ros2.py -> /home/fbot/Área de Trabalho/IMU_WS/build/motors_controller/build/lib/motors_controller
running install
running install_lib
copying /home/fbot/Área de Trabalho/IMU_WS/build/motors_controller/build/lib/motors_controller/cmd_vel_to_serial_ros2.py -> /home/fbot/Área de Trabalho/IMU_WS/install/motors_controller/lib/python3.10/site-packages/motors_controller
byte-compiling /home/fbot/Área de Trabalho/IMU_WS/install/motors_controller/lib/python3.10/site-packages/motors_controller/cmd_vel_to_serial_ros2.py to cmd_vel_to_serial_ros2.cpython-310.pyc
running install_data
running install_egg_info
removing '/home/fbot/Área de Trabalho/IMU_WS/install/motors_controller/lib/python3.10/site-packages/motors_controller-0.0.0-py3.10.egg-info' (and everything under it)
Copying ../../build/motors_controller/motors_controller.egg-info to /home/fbot/Área de Trabalho/IMU_WS/install/motors_controller/lib/python3.10/site-packages/motors_controller-0.0.0-py3.10.egg-info
running install_scripts
Installing cmd_vel_to_serial script to /home/fbot/Área de Trabalho/IMU_WS/install/motors_controller/lib/motors_controller
writing list of installed files to '/home/fbot/Área de Trabalho/IMU_WS/build/motors_controller/install.log'
