[0.090s] DEBUG:colcon:Command line arguments: ['/usr/bin/colcon', 'build']
[0.090s] DEBUG:colcon:Parsed command line arguments: Namespace(log_base=None, log_level=None, verb_name='build', build_base='build', install_base='install', merge_install=False, symlink_install=False, test_result_base=None, continue_on_error=False, executor='parallel', parallel_workers=12, event_handlers=None, ignore_user_meta=False, metas=['./colcon.meta'], base_paths=['.'], packages_ignore=None, packages_ignore_regex=None, paths=None, packages_up_to=None, packages_up_to_regex=None, packages_above=None, packages_above_and_dependencies=None, packages_above_depth=None, packages_select_by_dep=None, packages_skip_by_dep=None, packages_skip_up_to=None, packages_select_build_failed=False, packages_skip_build_finished=False, packages_select_test_failures=False, packages_skip_test_passed=False, packages_select=None, packages_skip=None, packages_select_regex=None, packages_skip_regex=None, packages_start=None, packages_end=None, allow_overriding=[], cmake_args=None, cmake_target=None, cmake_target_skip_unavailable=False, cmake_clean_cache=False, cmake_clean_first=False, cmake_force_configure=False, ament_cmake_args=None, catkin_cmake_args=None, catkin_skip_building_tests=False, mixin_files=None, mixin=None, verb_parser=<colcon_mixin.mixin.mixin_argument.MixinArgumentDecorator object at 0x75384a3e2aa0>, verb_extension=<colcon_core.verb.build.BuildVerb object at 0x75384a3e2290>, main=<bound method BuildVerb.main of <colcon_core.verb.build.BuildVerb object at 0x75384a3e2290>>, mixin_verb=('build',))
[0.229s] Level 1:colcon.colcon_core.package_discovery:discover_packages(colcon_meta) check parameters
[0.229s] Level 1:colcon.colcon_core.package_discovery:discover_packages(recursive) check parameters
[0.229s] Level 1:colcon.colcon_core.package_discovery:discover_packages(ignore) check parameters
[0.229s] Level 1:colcon.colcon_core.package_discovery:discover_packages(path) check parameters
[0.229s] Level 1:colcon.colcon_core.package_discovery:discover_packages(colcon_meta) discover
[0.229s] Level 1:colcon.colcon_core.package_discovery:discover_packages(recursive) discover
[0.229s] INFO:colcon.colcon_core.package_discovery:Crawling recursively for packages in '/home/fbot/Área de Trabalho/IMU_WS'
[0.229s] Level 1:colcon.colcon_core.package_identification:_identify(.) by extensions ['ignore', 'ignore_ament_install']
[0.229s] Level 1:colcon.colcon_core.package_identification:_identify(.) by extension 'ignore'
[0.229s] Level 1:colcon.colcon_core.package_identification:_identify(.) by extension 'ignore_ament_install'
[0.229s] Level 1:colcon.colcon_core.package_identification:_identify(.) by extensions ['colcon_pkg']
[0.229s] Level 1:colcon.colcon_core.package_identification:_identify(.) by extension 'colcon_pkg'
[0.229s] Level 1:colcon.colcon_core.package_identification:_identify(.) by extensions ['colcon_meta']
[0.229s] Level 1:colcon.colcon_core.package_identification:_identify(.) by extension 'colcon_meta'
[0.229s] Level 1:colcon.colcon_core.package_identification:_identify(.) by extensions ['ros']
[0.229s] Level 1:colcon.colcon_core.package_identification:_identify(.) by extension 'ros'
[0.238s] Level 1:colcon.colcon_core.package_identification:_identify(.) by extensions ['cmake', 'python']
[0.238s] Level 1:colcon.colcon_core.package_identification:_identify(.) by extension 'cmake'
[0.238s] Level 1:colcon.colcon_core.package_identification:_identify(.) by extension 'python'
[0.238s] Level 1:colcon.colcon_core.package_identification:_identify(.) by extensions ['python_setup_py']
[0.238s] Level 1:colcon.colcon_core.package_identification:_identify(.) by extension 'python_setup_py'
[0.238s] Level 1:colcon.colcon_core.package_identification:_identify(build) by extensions ['ignore', 'ignore_ament_install']
[0.238s] Level 1:colcon.colcon_core.package_identification:_identify(build) by extension 'ignore'
[0.238s] Level 1:colcon.colcon_core.package_identification:_identify(build) ignored
[0.238s] Level 1:colcon.colcon_core.package_identification:_identify(install) by extensions ['ignore', 'ignore_ament_install']
[0.238s] Level 1:colcon.colcon_core.package_identification:_identify(install) by extension 'ignore'
[0.238s] Level 1:colcon.colcon_core.package_identification:_identify(install) ignored
[0.238s] Level 1:colcon.colcon_core.package_identification:_identify(log) by extensions ['ignore', 'ignore_ament_install']
[0.238s] Level 1:colcon.colcon_core.package_identification:_identify(log) by extension 'ignore'
[0.238s] Level 1:colcon.colcon_core.package_identification:_identify(log) ignored
[0.238s] Level 1:colcon.colcon_core.package_identification:_identify(src) by extensions ['ignore', 'ignore_ament_install']
[0.239s] Level 1:colcon.colcon_core.package_identification:_identify(src) by extension 'ignore'
[0.239s] Level 1:colcon.colcon_core.package_identification:_identify(src) by extension 'ignore_ament_install'
[0.239s] Level 1:colcon.colcon_core.package_identification:_identify(src) by extensions ['colcon_pkg']
[0.239s] Level 1:colcon.colcon_core.package_identification:_identify(src) by extension 'colcon_pkg'
[0.239s] Level 1:colcon.colcon_core.package_identification:_identify(src) by extensions ['colcon_meta']
[0.239s] Level 1:colcon.colcon_core.package_identification:_identify(src) by extension 'colcon_meta'
[0.239s] Level 1:colcon.colcon_core.package_identification:_identify(src) by extensions ['ros']
[0.239s] Level 1:colcon.colcon_core.package_identification:_identify(src) by extension 'ros'
[0.239s] Level 1:colcon.colcon_core.package_identification:_identify(src) by extensions ['cmake', 'python']
[0.239s] Level 1:colcon.colcon_core.package_identification:_identify(src) by extension 'cmake'
[0.239s] Level 1:colcon.colcon_core.package_identification:_identify(src) by extension 'python'
[0.239s] Level 1:colcon.colcon_core.package_identification:_identify(src) by extensions ['python_setup_py']
[0.239s] Level 1:colcon.colcon_core.package_identification:_identify(src) by extension 'python_setup_py'
[0.239s] Level 1:colcon.colcon_core.package_identification:_identify(src/motors_controller) by extensions ['ignore', 'ignore_ament_install']
[0.239s] Level 1:colcon.colcon_core.package_identification:_identify(src/motors_controller) by extension 'ignore'
[0.239s] Level 1:colcon.colcon_core.package_identification:_identify(src/motors_controller) by extension 'ignore_ament_install'
[0.239s] Level 1:colcon.colcon_core.package_identification:_identify(src/motors_controller) by extensions ['colcon_pkg']
[0.239s] Level 1:colcon.colcon_core.package_identification:_identify(src/motors_controller) by extension 'colcon_pkg'
[0.239s] Level 1:colcon.colcon_core.package_identification:_identify(src/motors_controller) by extensions ['colcon_meta']
[0.239s] Level 1:colcon.colcon_core.package_identification:_identify(src/motors_controller) by extension 'colcon_meta'
[0.239s] Level 1:colcon.colcon_core.package_identification:_identify(src/motors_controller) by extensions ['ros']
[0.239s] Level 1:colcon.colcon_core.package_identification:_identify(src/motors_controller) by extension 'ros'
[0.241s] DEBUG:colcon.colcon_core.package_identification:Package 'src/motors_controller' with type 'ros.ament_python' and name 'motors_controller'
[0.241s] Level 1:colcon.colcon_core.package_identification:_identify(src/robot_sensors_publisher) by extensions ['ignore', 'ignore_ament_install']
[0.242s] Level 1:colcon.colcon_core.package_identification:_identify(src/robot_sensors_publisher) by extension 'ignore'
[0.242s] Level 1:colcon.colcon_core.package_identification:_identify(src/robot_sensors_publisher) by extension 'ignore_ament_install'
[0.242s] Level 1:colcon.colcon_core.package_identification:_identify(src/robot_sensors_publisher) by extensions ['colcon_pkg']
[0.242s] Level 1:colcon.colcon_core.package_identification:_identify(src/robot_sensors_publisher) by extension 'colcon_pkg'
[0.242s] Level 1:colcon.colcon_core.package_identification:_identify(src/robot_sensors_publisher) by extensions ['colcon_meta']
[0.242s] Level 1:colcon.colcon_core.package_identification:_identify(src/robot_sensors_publisher) by extension 'colcon_meta'
[0.242s] Level 1:colcon.colcon_core.package_identification:_identify(src/robot_sensors_publisher) by extensions ['ros']
[0.242s] Level 1:colcon.colcon_core.package_identification:_identify(src/robot_sensors_publisher) by extension 'ros'
[0.242s] DEBUG:colcon.colcon_core.package_identification:Package 'src/robot_sensors_publisher' with type 'ros.ament_python' and name 'robot_sensors_publisher'
[0.242s] Level 1:colcon.colcon_core.package_discovery:discover_packages(recursive) using defaults
[0.242s] Level 1:colcon.colcon_core.package_discovery:discover_packages(ignore) discover
[0.242s] Level 1:colcon.colcon_core.package_discovery:discover_packages(ignore) using defaults
[0.243s] Level 1:colcon.colcon_core.package_discovery:discover_packages(path) discover
[0.243s] Level 1:colcon.colcon_core.package_discovery:discover_packages(path) using defaults
[0.265s] Level 1:colcon.colcon_core.package_discovery:discover_packages(prefix_path) check parameters
[0.265s] Level 1:colcon.colcon_core.package_discovery:discover_packages(prefix_path) discover
[0.266s] WARNING:colcon.colcon_ros.prefix_path.ament:The path '/home/fbot/Área de Trabalho/IMU_WS/install/robot_sensors_publisher' in the environment variable AMENT_PREFIX_PATH doesn't exist
[0.266s] WARNING:colcon.colcon_ros.prefix_path.ament:The path '/home/fbot/Área de Trabalho/IMU_WS/install/motors_controller' in the environment variable AMENT_PREFIX_PATH doesn't exist
[0.266s] DEBUG:colcon.colcon_installed_package_information.package_discovery:Found 0 installed packages in /home/fbot/Área de Trabalho/IMU_WS/install
[0.267s] DEBUG:colcon.colcon_installed_package_information.package_discovery:Found 288 installed packages in /opt/ros/humble
[0.268s] Level 1:colcon.colcon_core.package_discovery:discover_packages(prefix_path) using defaults
[0.300s] Level 5:colcon.colcon_core.verb:set package 'motors_controller' build argument 'cmake_args' from command line to 'None'
[0.300s] Level 5:colcon.colcon_core.verb:set package 'motors_controller' build argument 'cmake_target' from command line to 'None'
[0.300s] Level 5:colcon.colcon_core.verb:set package 'motors_controller' build argument 'cmake_target_skip_unavailable' from command line to 'False'
[0.300s] Level 5:colcon.colcon_core.verb:set package 'motors_controller' build argument 'cmake_clean_cache' from command line to 'False'
[0.300s] Level 5:colcon.colcon_core.verb:set package 'motors_controller' build argument 'cmake_clean_first' from command line to 'False'
[0.300s] Level 5:colcon.colcon_core.verb:set package 'motors_controller' build argument 'cmake_force_configure' from command line to 'False'
[0.300s] Level 5:colcon.colcon_core.verb:set package 'motors_controller' build argument 'ament_cmake_args' from command line to 'None'
[0.300s] Level 5:colcon.colcon_core.verb:set package 'motors_controller' build argument 'catkin_cmake_args' from command line to 'None'
[0.301s] Level 5:colcon.colcon_core.verb:set package 'motors_controller' build argument 'catkin_skip_building_tests' from command line to 'False'
[0.301s] DEBUG:colcon.colcon_core.verb:Building package 'motors_controller' with the following arguments: {'ament_cmake_args': None, 'build_base': '/home/fbot/Área de Trabalho/IMU_WS/build/motors_controller', 'catkin_cmake_args': None, 'catkin_skip_building_tests': False, 'cmake_args': None, 'cmake_clean_cache': False, 'cmake_clean_first': False, 'cmake_force_configure': False, 'cmake_target': None, 'cmake_target_skip_unavailable': False, 'install_base': '/home/fbot/Área de Trabalho/IMU_WS/install/motors_controller', 'merge_install': False, 'path': '/home/fbot/Área de Trabalho/IMU_WS/src/motors_controller', 'symlink_install': False, 'test_result_base': None}
[0.301s] Level 5:colcon.colcon_core.verb:set package 'robot_sensors_publisher' build argument 'cmake_args' from command line to 'None'
[0.301s] Level 5:colcon.colcon_core.verb:set package 'robot_sensors_publisher' build argument 'cmake_target' from command line to 'None'
[0.301s] Level 5:colcon.colcon_core.verb:set package 'robot_sensors_publisher' build argument 'cmake_target_skip_unavailable' from command line to 'False'
[0.301s] Level 5:colcon.colcon_core.verb:set package 'robot_sensors_publisher' build argument 'cmake_clean_cache' from command line to 'False'
[0.301s] Level 5:colcon.colcon_core.verb:set package 'robot_sensors_publisher' build argument 'cmake_clean_first' from command line to 'False'
[0.301s] Level 5:colcon.colcon_core.verb:set package 'robot_sensors_publisher' build argument 'cmake_force_configure' from command line to 'False'
[0.301s] Level 5:colcon.colcon_core.verb:set package 'robot_sensors_publisher' build argument 'ament_cmake_args' from command line to 'None'
[0.301s] Level 5:colcon.colcon_core.verb:set package 'robot_sensors_publisher' build argument 'catkin_cmake_args' from command line to 'None'
[0.301s] Level 5:colcon.colcon_core.verb:set package 'robot_sensors_publisher' build argument 'catkin_skip_building_tests' from command line to 'False'
[0.301s] DEBUG:colcon.colcon_core.verb:Building package 'robot_sensors_publisher' with the following arguments: {'ament_cmake_args': None, 'build_base': '/home/fbot/Área de Trabalho/IMU_WS/build/robot_sensors_publisher', 'catkin_cmake_args': None, 'catkin_skip_building_tests': False, 'cmake_args': None, 'cmake_clean_cache': False, 'cmake_clean_first': False, 'cmake_force_configure': False, 'cmake_target': None, 'cmake_target_skip_unavailable': False, 'install_base': '/home/fbot/Área de Trabalho/IMU_WS/install/robot_sensors_publisher', 'merge_install': False, 'path': '/home/fbot/Área de Trabalho/IMU_WS/src/robot_sensors_publisher', 'symlink_install': False, 'test_result_base': None}
[0.301s] INFO:colcon.colcon_core.executor:Executing jobs using 'parallel' executor
[0.302s] DEBUG:colcon.colcon_parallel_executor.executor.parallel:run_until_complete
[0.302s] INFO:colcon.colcon_ros.task.ament_python.build:Building ROS package in '/home/fbot/Área de Trabalho/IMU_WS/src/motors_controller' with build type 'ament_python'
[0.302s] Level 1:colcon.colcon_core.shell:create_environment_hook('motors_controller', 'ament_prefix_path')
[0.304s] INFO:colcon.colcon_core.plugin_system:Skipping extension 'colcon_core.shell.bat': Not used on non-Windows systems
[0.304s] INFO:colcon.colcon_core.shell:Creating environment hook '/home/fbot/Área de Trabalho/IMU_WS/install/motors_controller/share/motors_controller/hook/ament_prefix_path.ps1'
[0.305s] INFO:colcon.colcon_core.shell:Creating environment descriptor '/home/fbot/Área de Trabalho/IMU_WS/install/motors_controller/share/motors_controller/hook/ament_prefix_path.dsv'
[0.305s] INFO:colcon.colcon_core.shell:Creating environment hook '/home/fbot/Área de Trabalho/IMU_WS/install/motors_controller/share/motors_controller/hook/ament_prefix_path.sh'
[0.306s] INFO:colcon.colcon_core.shell:Skip shell extension 'powershell' for command environment: Not usable outside of PowerShell
[0.306s] DEBUG:colcon.colcon_core.shell:Skip shell extension 'dsv' for command environment
[0.308s] INFO:colcon.colcon_ros.task.ament_python.build:Building ROS package in '/home/fbot/Área de Trabalho/IMU_WS/src/robot_sensors_publisher' with build type 'ament_python'
[0.308s] Level 1:colcon.colcon_core.shell:create_environment_hook('robot_sensors_publisher', 'ament_prefix_path')
[0.308s] INFO:colcon.colcon_core.shell:Creating environment hook '/home/fbot/Área de Trabalho/IMU_WS/install/robot_sensors_publisher/share/robot_sensors_publisher/hook/ament_prefix_path.ps1'
[0.309s] INFO:colcon.colcon_core.shell:Creating environment descriptor '/home/fbot/Área de Trabalho/IMU_WS/install/robot_sensors_publisher/share/robot_sensors_publisher/hook/ament_prefix_path.dsv'
[0.309s] INFO:colcon.colcon_core.shell:Creating environment hook '/home/fbot/Área de Trabalho/IMU_WS/install/robot_sensors_publisher/share/robot_sensors_publisher/hook/ament_prefix_path.sh'
[0.309s] INFO:colcon.colcon_core.shell:Skip shell extension 'powershell' for command environment: Not usable outside of PowerShell
[0.309s] DEBUG:colcon.colcon_core.shell:Skip shell extension 'dsv' for command environment
[0.516s] INFO:colcon.colcon_core.task.python.build:Building Python package in '/home/fbot/Área de Trabalho/IMU_WS/src/motors_controller'
[0.516s] INFO:colcon.colcon_core.shell:Skip shell extension 'powershell' for command environment: Not usable outside of PowerShell
[0.516s] DEBUG:colcon.colcon_core.shell:Skip shell extension 'dsv' for command environment
[0.725s] INFO:colcon.colcon_core.task.python.build:Building Python package in '/home/fbot/Área de Trabalho/IMU_WS/src/robot_sensors_publisher'
[0.726s] INFO:colcon.colcon_core.shell:Skip shell extension 'powershell' for command environment: Not usable outside of PowerShell
[0.726s] DEBUG:colcon.colcon_core.shell:Skip shell extension 'dsv' for command environment
[1.026s] DEBUG:colcon.colcon_core.event_handler.log_command:Invoking command in '/home/fbot/Área de Trabalho/IMU_WS/src/motors_controller': PYTHONPATH=/home/fbot/Área de Trabalho/IMU_WS/build/motors_controller/prefix_override:/usr/lib/python3/dist-packages/colcon_core/task/python/colcon_distutils_commands:/home/fbot/Área de Trabalho/IMU_WS/install/motors_controller/lib/python3.10/site-packages:${PYTHONPATH} /usr/bin/python3 -W ignore:setup.py install is deprecated -W ignore:easy_install command is deprecated setup.py egg_info --egg-base ../../build/motors_controller build --build-base /home/fbot/Área de Trabalho/IMU_WS/build/motors_controller/build install --record /home/fbot/Área de Trabalho/IMU_WS/build/motors_controller/install.log --single-version-externally-managed install_data
[1.028s] DEBUG:colcon.colcon_core.event_handler.log_command:Invoking command in '/home/fbot/Área de Trabalho/IMU_WS/src/robot_sensors_publisher': PYTHONPATH=/home/fbot/Área de Trabalho/IMU_WS/build/robot_sensors_publisher/prefix_override:/usr/lib/python3/dist-packages/colcon_core/task/python/colcon_distutils_commands:/home/fbot/Área de Trabalho/IMU_WS/install/robot_sensors_publisher/lib/python3.10/site-packages:${PYTHONPATH} /usr/bin/python3 -W ignore:setup.py install is deprecated -W ignore:easy_install command is deprecated setup.py egg_info --egg-base ../../build/robot_sensors_publisher build --build-base /home/fbot/Área de Trabalho/IMU_WS/build/robot_sensors_publisher/build install --record /home/fbot/Área de Trabalho/IMU_WS/build/robot_sensors_publisher/install.log --single-version-externally-managed install_data
[1.270s] DEBUG:colcon.colcon_core.event_handler.log_command:Invoked command in '/home/fbot/Área de Trabalho/IMU_WS/src/robot_sensors_publisher' returned '0': PYTHONPATH=/home/fbot/Área de Trabalho/IMU_WS/build/robot_sensors_publisher/prefix_override:/usr/lib/python3/dist-packages/colcon_core/task/python/colcon_distutils_commands:/home/fbot/Área de Trabalho/IMU_WS/install/robot_sensors_publisher/lib/python3.10/site-packages:${PYTHONPATH} /usr/bin/python3 -W ignore:setup.py install is deprecated -W ignore:easy_install command is deprecated setup.py egg_info --egg-base ../../build/robot_sensors_publisher build --build-base /home/fbot/Área de Trabalho/IMU_WS/build/robot_sensors_publisher/build install --record /home/fbot/Área de Trabalho/IMU_WS/build/robot_sensors_publisher/install.log --single-version-externally-managed install_data
[1.272s] Level 1:colcon.colcon_core.environment:checking '/home/fbot/Área de Trabalho/IMU_WS/install/robot_sensors_publisher' for CMake module files
[1.272s] Level 1:colcon.colcon_core.environment:checking '/home/fbot/Área de Trabalho/IMU_WS/install/robot_sensors_publisher' for CMake config files
[1.273s] Level 1:colcon.colcon_core.environment:checking '/home/fbot/Área de Trabalho/IMU_WS/install/robot_sensors_publisher/lib'
[1.273s] Level 1:colcon.colcon_core.environment:checking '/home/fbot/Área de Trabalho/IMU_WS/install/robot_sensors_publisher/bin'
[1.273s] Level 1:colcon.colcon_core.environment:checking '/home/fbot/Área de Trabalho/IMU_WS/install/robot_sensors_publisher/lib/pkgconfig/robot_sensors_publisher.pc'
[1.273s] Level 1:colcon.colcon_core.environment:checking '/home/fbot/Área de Trabalho/IMU_WS/install/robot_sensors_publisher/lib/python3.10/site-packages'
[1.273s] Level 1:colcon.colcon_core.shell:create_environment_hook('robot_sensors_publisher', 'pythonpath')
[1.273s] INFO:colcon.colcon_core.shell:Creating environment hook '/home/fbot/Área de Trabalho/IMU_WS/install/robot_sensors_publisher/share/robot_sensors_publisher/hook/pythonpath.ps1'
[1.274s] INFO:colcon.colcon_core.shell:Creating environment descriptor '/home/fbot/Área de Trabalho/IMU_WS/install/robot_sensors_publisher/share/robot_sensors_publisher/hook/pythonpath.dsv'
[1.274s] INFO:colcon.colcon_core.shell:Creating environment hook '/home/fbot/Área de Trabalho/IMU_WS/install/robot_sensors_publisher/share/robot_sensors_publisher/hook/pythonpath.sh'
[1.275s] Level 1:colcon.colcon_core.environment:checking '/home/fbot/Área de Trabalho/IMU_WS/install/robot_sensors_publisher/bin'
[1.275s] Level 1:colcon.colcon_core.environment:create_environment_scripts_only(robot_sensors_publisher)
[1.275s] INFO:colcon.colcon_core.shell:Creating package script '/home/fbot/Área de Trabalho/IMU_WS/install/robot_sensors_publisher/share/robot_sensors_publisher/package.ps1'
[1.276s] INFO:colcon.colcon_core.shell:Creating package descriptor '/home/fbot/Área de Trabalho/IMU_WS/install/robot_sensors_publisher/share/robot_sensors_publisher/package.dsv'
[1.276s] INFO:colcon.colcon_core.shell:Creating package script '/home/fbot/Área de Trabalho/IMU_WS/install/robot_sensors_publisher/share/robot_sensors_publisher/package.sh'
[1.277s] INFO:colcon.colcon_core.shell:Creating package script '/home/fbot/Área de Trabalho/IMU_WS/install/robot_sensors_publisher/share/robot_sensors_publisher/package.bash'
[1.277s] INFO:colcon.colcon_core.shell:Creating package script '/home/fbot/Área de Trabalho/IMU_WS/install/robot_sensors_publisher/share/robot_sensors_publisher/package.zsh'
[1.278s] Level 1:colcon.colcon_core.environment:create_file_with_runtime_dependencies(/home/fbot/Área de Trabalho/IMU_WS/install/robot_sensors_publisher/share/colcon-core/packages/robot_sensors_publisher)
[1.279s] Level 1:colcon.colcon_core.environment:checking '/home/fbot/Área de Trabalho/IMU_WS/install/motors_controller' for CMake module files
[1.279s] DEBUG:colcon.colcon_core.event_handler.log_command:Invoked command in '/home/fbot/Área de Trabalho/IMU_WS/src/motors_controller' returned '0': PYTHONPATH=/home/fbot/Área de Trabalho/IMU_WS/build/motors_controller/prefix_override:/usr/lib/python3/dist-packages/colcon_core/task/python/colcon_distutils_commands:/home/fbot/Área de Trabalho/IMU_WS/install/motors_controller/lib/python3.10/site-packages:${PYTHONPATH} /usr/bin/python3 -W ignore:setup.py install is deprecated -W ignore:easy_install command is deprecated setup.py egg_info --egg-base ../../build/motors_controller build --build-base /home/fbot/Área de Trabalho/IMU_WS/build/motors_controller/build install --record /home/fbot/Área de Trabalho/IMU_WS/build/motors_controller/install.log --single-version-externally-managed install_data
[1.279s] Level 1:colcon.colcon_core.environment:checking '/home/fbot/Área de Trabalho/IMU_WS/install/motors_controller' for CMake config files
[1.280s] Level 1:colcon.colcon_core.environment:checking '/home/fbot/Área de Trabalho/IMU_WS/install/motors_controller/lib'
[1.280s] Level 1:colcon.colcon_core.environment:checking '/home/fbot/Área de Trabalho/IMU_WS/install/motors_controller/bin'
[1.280s] Level 1:colcon.colcon_core.environment:checking '/home/fbot/Área de Trabalho/IMU_WS/install/motors_controller/lib/pkgconfig/motors_controller.pc'
[1.280s] Level 1:colcon.colcon_core.environment:checking '/home/fbot/Área de Trabalho/IMU_WS/install/motors_controller/lib/python3.10/site-packages'
[1.280s] Level 1:colcon.colcon_core.shell:create_environment_hook('motors_controller', 'pythonpath')
[1.280s] INFO:colcon.colcon_core.shell:Creating environment hook '/home/fbot/Área de Trabalho/IMU_WS/install/motors_controller/share/motors_controller/hook/pythonpath.ps1'
[1.280s] INFO:colcon.colcon_core.shell:Creating environment descriptor '/home/fbot/Área de Trabalho/IMU_WS/install/motors_controller/share/motors_controller/hook/pythonpath.dsv'
[1.281s] INFO:colcon.colcon_core.shell:Creating environment hook '/home/fbot/Área de Trabalho/IMU_WS/install/motors_controller/share/motors_controller/hook/pythonpath.sh'
[1.281s] Level 1:colcon.colcon_core.environment:checking '/home/fbot/Área de Trabalho/IMU_WS/install/motors_controller/bin'
[1.281s] Level 1:colcon.colcon_core.environment:create_environment_scripts_only(motors_controller)
[1.281s] INFO:colcon.colcon_core.shell:Creating package script '/home/fbot/Área de Trabalho/IMU_WS/install/motors_controller/share/motors_controller/package.ps1'
[1.282s] INFO:colcon.colcon_core.shell:Creating package descriptor '/home/fbot/Área de Trabalho/IMU_WS/install/motors_controller/share/motors_controller/package.dsv'
[1.282s] INFO:colcon.colcon_core.shell:Creating package script '/home/fbot/Área de Trabalho/IMU_WS/install/motors_controller/share/motors_controller/package.sh'
[1.282s] INFO:colcon.colcon_core.shell:Creating package script '/home/fbot/Área de Trabalho/IMU_WS/install/motors_controller/share/motors_controller/package.bash'
[1.283s] INFO:colcon.colcon_core.shell:Creating package script '/home/fbot/Área de Trabalho/IMU_WS/install/motors_controller/share/motors_controller/package.zsh'
[1.283s] Level 1:colcon.colcon_core.environment:create_file_with_runtime_dependencies(/home/fbot/Área de Trabalho/IMU_WS/install/motors_controller/share/colcon-core/packages/motors_controller)
[1.283s] DEBUG:colcon.colcon_parallel_executor.executor.parallel:closing loop
[1.283s] DEBUG:colcon.colcon_parallel_executor.executor.parallel:loop closed
[1.283s] DEBUG:colcon.colcon_parallel_executor.executor.parallel:run_until_complete finished with '0'
[1.283s] DEBUG:colcon.colcon_core.event_reactor:joining thread
[1.287s] INFO:colcon.colcon_core.plugin_system:Skipping extension 'colcon_notification.desktop_notification.terminal_notifier': Not used on non-Darwin systems
[1.287s] INFO:colcon.colcon_core.plugin_system:Skipping extension 'colcon_notification.desktop_notification.win32': Not used on non-Windows systems
[1.287s] INFO:colcon.colcon_notification.desktop_notification:Sending desktop notification using 'notify2'
[1.297s] DEBUG:colcon.colcon_core.event_reactor:joined thread
[1.297s] INFO:colcon.colcon_core.shell:Creating prefix script '/home/fbot/Área de Trabalho/IMU_WS/install/local_setup.ps1'
[1.298s] INFO:colcon.colcon_core.shell:Creating prefix util module '/home/fbot/Área de Trabalho/IMU_WS/install/_local_setup_util_ps1.py'
[1.299s] INFO:colcon.colcon_core.shell:Creating prefix chain script '/home/fbot/Área de Trabalho/IMU_WS/install/setup.ps1'
[1.300s] INFO:colcon.colcon_core.shell:Creating prefix script '/home/fbot/Área de Trabalho/IMU_WS/install/local_setup.sh'
[1.300s] INFO:colcon.colcon_core.shell:Creating prefix util module '/home/fbot/Área de Trabalho/IMU_WS/install/_local_setup_util_sh.py'
[1.301s] INFO:colcon.colcon_core.shell:Creating prefix chain script '/home/fbot/Área de Trabalho/IMU_WS/install/setup.sh'
[1.302s] INFO:colcon.colcon_core.shell:Creating prefix script '/home/fbot/Área de Trabalho/IMU_WS/install/local_setup.bash'
[1.303s] INFO:colcon.colcon_core.shell:Creating prefix chain script '/home/fbot/Área de Trabalho/IMU_WS/install/setup.bash'
[1.304s] INFO:colcon.colcon_core.shell:Creating prefix script '/home/fbot/Área de Trabalho/IMU_WS/install/local_setup.zsh'
[1.304s] INFO:colcon.colcon_core.shell:Creating prefix chain script '/home/fbot/Área de Trabalho/IMU_WS/install/setup.zsh'
