[0.491s] Invoking command in '/home/fbot/Área de Trabalho/IMU_WS/src/imu_package': PYTHONPATH=/home/fbot/Área de Trabalho/IMU_WS/build/imu_package/prefix_override:/usr/lib/python3/dist-packages/colcon_core/task/python/colcon_distutils_commands:/home/fbot/Área de Trabalho/IMU_WS/install/imu_package/lib/python3.10/site-packages:${PYTHONPATH} /usr/bin/python3 -W ignore:setup.py install is deprecated -W ignore:easy_install command is deprecated setup.py egg_info --egg-base ../../build/imu_package build --build-base /home/fbot/Área de Trabalho/IMU_WS/build/imu_package/build install --record /home/fbot/Área de Trabalho/IMU_WS/build/imu_package/install.log --single-version-externally-managed install_data
[0.680s] running egg_info
[0.680s] writing ../../build/imu_package/imu_package.egg-info/PKG-INFO
[0.680s] writing dependency_links to ../../build/imu_package/imu_package.egg-info/dependency_links.txt
[0.680s] writing entry points to ../../build/imu_package/imu_package.egg-info/entry_points.txt
[0.680s] writing requirements to ../../build/imu_package/imu_package.egg-info/requires.txt
[0.680s] writing top-level names to ../../build/imu_package/imu_package.egg-info/top_level.txt
[0.682s] reading manifest file '../../build/imu_package/imu_package.egg-info/SOURCES.txt'
[0.682s] writing manifest file '../../build/imu_package/imu_package.egg-info/SOURCES.txt'
[0.682s] running build
[0.682s] running build_py
[0.683s] running install
[0.683s] running install_lib
[0.684s] running install_data
[0.684s] running install_egg_info
[0.686s] removing '/home/fbot/Área de Trabalho/IMU_WS/install/imu_package/lib/python3.10/site-packages/imu_package-0.0.0-py3.10.egg-info' (and everything under it)
[0.686s] Copying ../../build/imu_package/imu_package.egg-info to /home/fbot/Área de Trabalho/IMU_WS/install/imu_package/lib/python3.10/site-packages/imu_package-0.0.0-py3.10.egg-info
[0.686s] running install_scripts
[0.702s] Installing imu_serial_publisher script to /home/fbot/Área de Trabalho/IMU_WS/install/imu_package/lib/imu_package
[0.702s] writing list of installed files to '/home/fbot/Área de Trabalho/IMU_WS/build/imu_package/install.log'
[0.718s] Invoked command in '/home/fbot/Área de Trabalho/IMU_WS/src/imu_package' returned '0': PYTHONPATH=/home/fbot/Área de Trabalho/IMU_WS/build/imu_package/prefix_override:/usr/lib/python3/dist-packages/colcon_core/task/python/colcon_distutils_commands:/home/fbot/Área de Trabalho/IMU_WS/install/imu_package/lib/python3.10/site-packages:${PYTHONPATH} /usr/bin/python3 -W ignore:setup.py install is deprecated -W ignore:easy_install command is deprecated setup.py egg_info --egg-base ../../build/imu_package build --build-base /home/fbot/Área de Trabalho/IMU_WS/build/imu_package/build install --record /home/fbot/Área de Trabalho/IMU_WS/build/imu_package/install.log --single-version-externally-managed install_data
